<?xml version="1.0" encoding="UTF-8"?>
<testsuite name="E:/Intellij_Projects/API_Automation/RestfulBooker/src/test"
           tests="3"
           failures="0"
           errors="0"
           skipped="0"
           time="0.015">
    <properties></properties>



            <testcase
                name="testLoginData"
                time="0.000"
                classname="com.api.ddt.AuthCredDDT">
            </testcase>
            <testcase
                name="testLoginData"
                time="0.000"
                classname="com.api.ddt.AuthCredDDT">
            </testcase>
            <testcase
                name="testLoginData"
                time="0.015"
                classname="com.api.ddt.AuthCredDDT">
            </testcase>
</testsuite>
